2021-12-28T18:41:30.463386+03:00    | New admin Dmitry_Rusak is added by 526995113
2021-12-28T20:42:13.152935+03:00    | Post theme is deleted by 526995113
2021-12-28T21:37:57.527942+03:00    | Post TEST is deleted by 526995113
2021-12-29T18:40:27.966962+03:00    | Post test link is deleted by 526995113
2021-12-29T19:15:31.473017+03:00    | Post test link is deleted by 526995113
2021-12-29T19:19:14.359509+03:00    | Post test link is deleted by 526995113
2021-12-29T19:31:57.359372+03:00    | Post test is deleted by 526995113
2021-12-29T19:34:24.421927+03:00    | Post test is deleted by 526995113
2021-12-29T20:05:50.665360+03:00    | Post test is deleted by 526995113
2021-12-29T20:09:52.443361+03:00    | Post test test is deleted by 526995113
2021-12-29T20:21:19.842080+03:00    | Post TEST link is deleted by 526995113
2021-12-29T20:26:34.110838+03:00    | Post TEST link is deleted by 526995113
2021-12-29T20:33:23.081503+03:00    | Picture test is changed by 526995113
2021-12-29T20:38:33.946162+03:00    | Picture test is changed by 526995113
2021-12-29T20:39:14.494114+03:00    | Name post test is changed by 526995113
2021-12-29T20:41:45.438522+03:00    | Description post test test is changed by 526995113
2021-12-29T20:41:59.027249+03:00    | Picture test test is changed by 526995113
2021-12-29T20:59:07.644129+03:00    | Post TEST link is deleted by 526995113
2021-12-30T00:23:06.058979+03:00    | User 526545459 successfully requested admin panel
2021-12-30T00:23:06.257053+03:00    | Launch admin panel of bot by admin 526545459
2021-12-30T00:38:01.640519+03:00    | User 1636717205 started bot
2021-12-30T00:43:51.561749+03:00    | User 1636717205 started bot
2021-12-30T00:50:51.667414+03:00    | New moder hey is added by 526545459
2021-12-30T00:52:05.066602+03:00    | User 1636717205 unsuccessfully requested admin panel
2021-12-30T00:52:08.209396+03:00    | User 1636717205 unsuccessfully requested moderator panel
2021-12-30T00:52:53.597346+03:00    | User 1636717205 unsuccessfully requested moderator panel
2021-12-30T00:52:57.948763+03:00    | User 1636717205 started bot
2021-12-30T00:53:00.508392+03:00    | User 1636717205 unsuccessfully requested moderator panel
2021-12-30T00:55:23.271878+03:00    | Picture Тест пост 1 is changed by 526545459
2021-12-30T00:56:28.019976+03:00    | Name post Тест пост 1 is changed by 526545459
2021-12-30T01:29:11.312250+03:00    | Picture Test Post 3 - Testing is changed by 526545459
2021-12-30T01:30:51.759595+03:00    | Post Test post 2 is deleted by 526545459
2021-12-30T01:41:06.797522+03:00    | User 526545459 started bot
2021-12-30T01:41:13.303984+03:00    | User 526545459 successfully requested admin panel
2021-12-30T01:41:13.574130+03:00    | Launch admin panel of bot by admin 526545459
2021-12-30T17:05:23.644501+03:00    | Name post Test Post 3 - Testing is changed by 526995113
2021-12-30T17:05:51.739297+03:00    | Picture test test is changed by 526995113
2021-12-30T17:47:33.927007+03:00    | Picture Test post 3 is changed by 526995113
2021-12-30T17:48:01.640345+03:00    | Picture Test post 3 is changed by 526545459
2021-12-30T18:07:58.978048+03:00    | Post Test post 5 is deleted by 526995113
2021-12-30T18:09:54.379960+03:00    | Post test is deleted by 526995113
2021-12-30T21:42:12.061709+03:00    | Post test is deleted by 526995113
2021-12-30T21:43:07.983052+03:00    | Post test link is deleted by 526995113
2021-12-31T18:13:03.952198+03:00    | Post test test is deleted by 526995113
2021-12-31T22:41:29.501694+03:00    | Post TEST TEST is deleted by 526995113
2021-12-31T22:46:30.613104+03:00    | Post Тест пост 1.1 is deleted by 526995113
2021-12-31T22:46:33.853773+03:00    | Post Test post 4 is deleted by 526995113
2021-12-31T22:46:39.361464+03:00    | Post test 4 post is deleted by 526995113
2021-12-31T23:34:44.086304+03:00    | Name post TEST is changed by 526995113
2021-12-31T23:36:16.857462+03:00    | Name post TEST link is changed by 526995113
2021-12-31T23:44:27.081361+03:00    | Hashtags test is changed by 526995113
2021-12-31T23:48:06.975447+03:00    | Name post TEST is changed by 526995113
2021-12-31T23:55:23.360959+03:00    | Hashtags test is changed by 526995113
2021-12-31T23:59:05.142239+03:00    | Hashtags TEST is changed by 526995113
2021-12-31T23:59:17.313596+03:00    | Description post TEST is changed by 526995113
2022-01-01T00:05:21.990661+03:00    | Description post TEST is changed by 526995113
2022-01-01T00:05:45.352358+03:00    | Name post test is changed by 526995113
2022-01-01T00:06:18.853457+03:00    | Name post TEST link is changed by 526995113
2022-01-01T00:22:29.637152+03:00    | Hashtags TEST link is changed by 526995113
2022-01-02T14:06:41.577819+03:00    | Admin 526995113 started bot
2022-01-02T16:29:48.951567+03:00    | The admin 526545459 - Dmitry_Rusak is removed by 526995113
2022-01-03T09:27:49.261131+03:00    | The moder 1636717205 - zayac_rusak is removed by 526995113
2022-01-03T09:28:00.318478+03:00    | The author 526545459 - @Dmitry_Rusak - 0 XP is removed by 526995113
2022-01-03T16:52:39.996530+03:00    | Post Test post 5 is deleted by 526995113
2022-01-03T16:52:43.072256+03:00    | Post Mod test post 6 is deleted by 526995113
2022-01-03T16:52:45.798688+03:00    | Post Mod test post 7 is deleted by 526995113
2022-01-03T16:52:48.464635+03:00    | Post test is deleted by 526995113
2022-01-03T16:52:50.676545+03:00    | Post mod test post 8 is deleted by 526995113
2022-01-03T16:52:52.999355+03:00    | Post mod test 9 is deleted by 526995113
2022-01-03T19:06:24.314353+03:00    | Post test 2 is deleted by 526995113
2022-01-03T19:06:31.704221+03:00    | Post TEST all TEST is deleted by 526995113
2022-01-03T19:23:29.148922+03:00    | Name post TEST 1 is changed by 526995113
2022-01-03T21:00:25.080734+03:00    | Requirements mod test post 3 is changed by 526545459
2022-01-03T21:00:42.419817+03:00    | Hashtags mod test post 3 is changed by 526545459
2022-01-03T21:07:10.487282+03:00    | Name post mod test post 4 is changed by 526995113
2022-01-03T21:17:40.170158+03:00    | Name post mod testpost 2 is changed by 526995113
2022-01-03T22:08:45.422305+03:00    | Launch author panel of bot by moder 1636717205
2022-01-03T22:08:45.423302+03:00    | Author 1636717205 started bot
2022-01-03T22:16:02.711491+03:00    | Requirements aut test post 2 is changed by 526995113
2022-01-03T22:16:11.645603+03:00    | Date post aut test post 2 is changed by 526995113
2022-01-03T22:17:41.959992+03:00    | Requirements aut test post 2 is changed by 526995113
2022-01-03T22:19:24.405747+03:00    | Date post aut test post 2 is changed by 526995113
2022-01-03T22:51:06.673628+03:00    | Name post aut test post 3 is changed by 1636717205
2022-01-03T22:51:43.563292+03:00    | Description post aut test post 3 is changed by 1636717205
2022-01-04T18:32:43.483519+03:00    | Name post aut test post 6 without requirments is changed by 526995113
2022-01-04T18:34:12.598790+03:00    | Post aut test post 6 without requirments is deleted by 526995113
2022-01-04T18:35:58.906889+03:00    | Post TEST again is deleted by 526995113
2022-01-04T20:35:21.317171+03:00    | The moder 526545459 - Dmitry_Rusak is removed by 526995113
2022-01-04T20:35:49.888109+03:00    | New author Dmitry_Rusak is added by 526995113
2022-01-04T20:37:04.940711+03:00    | New author Dmitry_Rusak is added by 526995113
2022-01-04T20:42:46.696921+03:00    | New author Dmitry_Rusak is added by 526995113
2022-01-04T20:50:12.344083+03:00    | The author 526545459 - @Dmitry_Rusak - 0 XP is removed by 526995113
2022-01-04T20:50:29.527542+03:00    | New admin Dmitry_Rusak is added by 526995113
2022-01-05T18:54:03.809820+03:00    | Name post aut test post 10 without banner is changed by 526995113
2022-01-05T19:08:09.334322+03:00    | Name post aut test post 10 without banner is changed by 526995113
2022-01-05T20:18:03.742690+03:00    | Post Создаем точные датасеты для сегментации (доступны на kaggle) is deleted by 526995113
2022-01-05T20:22:56.174923+03:00    | Post Создаем точные датасеты для сегментации (доступны на kaggle) is deleted by 526995113
2022-01-05T20:24:58.024158+03:00    | Post Создаем точные датасеты для сегментации (доступны на kaggle) is deleted by 526995113
2022-01-05T20:26:11.917982+03:00    | Post Создаем точные датасеты для сегментации (доступны на kaggle) is deleted by 526995113
2022-01-05T20:27:31.030213+03:00    | Post Создаем точные датасеты для сегментации (доступны на kaggle) is deleted by 526995113
2022-01-05T21:08:31.818436+03:00    | Post Создаем точные датасеты для сегментации (доступны на kaggle) is deleted by 526995113
2022-01-05T21:09:49.824152+03:00    | Post Создаем точные датасеты для сегментации (доступны на kaggle) is deleted by 526995113
2022-01-11T16:33:23.942407+03:00    | New author ilya1ether is added by 526545459
2022-01-11T16:34:20.619014+03:00    | New moder @ilya1ether мы ждём тебя!) is added by 526545459
2022-01-11T16:34:51.069758+03:00    | New author godsaveanna is added by 526545459
2022-01-11T16:39:54.489671+03:00    | New author Yanyshbroo is added by 526545459
2022-01-11T16:43:46.386501+03:00    | Launch moder panel of bot by moder 747811512
2022-01-11T16:43:46.387403+03:00    | Moder 747811512 started bot
2022-01-11T16:58:15.498778+03:00    | Launch author panel of bot by moder 414258525
2022-01-11T16:58:15.498778+03:00    | Author 414258525 started bot
2022-01-12T16:39:25.063637+03:00    | Launch author panel of bot by moder 414258525
2022-01-12T16:39:25.064636+03:00    | Author 414258525 started bot
2022-01-12T16:39:25.165053+03:00    | Launch author panel of bot by moder 414258525
2022-01-12T16:39:25.165053+03:00    | Author 414258525 started bot
2022-01-12T21:53:31.771794+03:00    | Launch moder panel of bot by moder 747811512
2022-01-12T21:53:31.771794+03:00    | Moder 747811512 started bot
2022-01-12T23:49:27.668268+03:00    | Launch author panel of bot by moder 414258525
2022-01-12T23:49:27.669266+03:00    | Author 414258525 started bot
