2021-11-19 16:22:13.619121    | User 526995113 started bot
2021-11-19 16:22:17.905302    | 526995113 requested events list
2021-11-19 16:22:34.113095    | Member 526995113 from the group -784282938 requested events list
2021-11-19 17:29:40.539026    | Member 526995113 from the group -784282938 requested events list
2021-11-19 18:37:18.443338    | 526995113 requested events list
2021-11-19 20:16:03.520809    | 526995113 requested events list
2021-11-19 20:16:37.812667    | Launch admin panel of bot by admin 526995113
2021-11-19 21:29:30.000068    | Member 526995113 from the group -784282938 requested events list
2021-11-19 21:30:54.560768    | Member 526545459 from the group -784282938 requested events list
2021-11-19 21:34:33.778701    | Member 526545459 from the group -784282938 started bot
2021-11-19 21:34:37.454943    | Member 526545459 from the group -784282938 requested events list
2021-11-19 21:36:13.416148    | Event infinity axie is deleted
2021-11-19 21:36:15.506568    | Event Token sale 2 is deleted
2021-11-19 21:36:17.527189    | Event one more token sale is deleted
2021-11-19 21:36:19.524023    | Event one more token sale 2 is deleted
2021-11-19 21:36:21.602490    | Event mint 1 is deleted
2021-11-19 21:36:24.124797    | Event mint 2 is deleted
2021-11-19 21:37:59.600664    | Event Umee Token sale CL is created
2021-11-19 21:38:23.220053    | Member 526545459 from the group -784282938 requested events list
2021-11-19 21:46:00.886086    | 526995113 requested events list
2021-11-19 21:52:40.865354    | 526995113 requested events list
2021-11-19 21:52:58.500514    | 526995113 requested events list
2021-11-19 21:53:28.919962    | Event fuck is created
2021-11-19 21:53:37.000123    | 526995113 requested events list
2021-11-19 21:53:45.915912    | Member 526995113 from the group -784282938 requested events list
2021-11-19 21:53:59.468387    | Event fuck is deleted
2021-11-19 21:54:05.511515    | Member 526995113 from the group -784282938 requested events list
2021-11-19 21:58:58.859378    | Member 526545459 from the group -784282938 requested events list
2021-11-19 22:50:50.242053    | Member 526545459 from the group -784282938 requested events list
2021-11-19 22:57:00.818044    | Event Umee Token sale is created by 526545459
2021-11-19 22:57:29.604529    | Event Umee Token sale is deleted by 526545459
2021-11-19 22:58:08.421861    | Member 526545459 from the group -784282938 requested events list
2021-11-19 22:59:29.597493    | Event token sale is created by 526545459
2021-11-19 22:59:38.220775    | 526545459 requested events list
2021-11-19 23:00:47.868525    | Event mint nft is created by 526545459
2021-11-19 23:01:28.828316    | Event token sale 2 is created by 526545459
2021-11-19 23:02:28.773792    | 526545459 requested events list
2021-11-19 23:05:15.300296    | 526545459 requested events list
2021-11-19 23:06:27.898890    | Date event 18.11.2021 16:00 is changed by 526545459
2021-11-19 23:06:38.655543    | 526545459 requested events list
2021-11-19 23:10:29.121340    | Event tokemak huge drop is created by 526545459
2021-11-19 23:10:33.177848    | 526545459 requested events list
2021-11-19 23:11:40.529149    | Member 526545459 from the group -784282938 requested events list
2021-11-19 23:15:40.683636    | Event dot drop is created by 526545459
2021-11-19 23:15:43.183673    | 526545459 requested events list
2021-11-19 23:16:42.893387    | Date event 20.11.2021 04:00 is changed by 526545459
2021-11-19 23:16:49.405037    | 526545459 requested events list
2021-11-19 23:18:23.554617    | Date event 19.11.2021 22:30 is changed by 526545459
2021-11-19 23:18:27.526352    | 526545459 requested events list
2021-11-20 16:15:19.336602    | 526545459 requested events list
2021-11-20 19:19:51.151604    | 526995113 requested events list
2021-11-20 19:25:02.222619    | Event fuck is created by 526995113
2021-11-20 19:39:44.990801    | Name event fuck fuck is changed by 526995113
2021-11-20 19:49:19.190731    | User 526995113 started bot
2021-11-20 19:49:23.103973    | Launch admin panel of bot by admin 526995113
2021-11-20 19:50:08.329315    | Launch admin panel of bot by admin 526995113
2021-11-20 20:15:31.633510    | 526995113 requested events list
2021-11-20 20:15:40.210186    | User 526995113 started bot
2021-11-20 20:15:47.089936    | User 526995113 started bot
2021-11-20 20:18:13.594157    | User 526995113 started bot
2021-11-20 20:18:33.855930    | Launch admin panel of bot by admin 526995113
2021-11-20 20:24:40.245532    | Event fuck fuck is deleted by 526995113
2021-11-20 20:24:48.728281    | 526995113 requested events list
2021-11-21 11:26:45.556549    | 526995113 requested events list
2021-11-21 12:03:17.049630    | User 526545459 started bot
2021-11-21 12:03:27.464867    | Launch admin panel of bot by admin 526545459
2021-11-21 12:05:44.713049    | 526545459 requested events list
2021-11-21 12:06:00.779829    | Member 526995113 from the group -784282938 requested admin panel
2021-11-21 12:06:54.666759    | Member 526995113 from the group -784282938 requested events list
2021-11-21 12:13:39.825440    | Event python is created by 526995113
2021-11-21 12:14:33.551193    | Event python 2 is created by 526995113
2021-11-21 12:14:45.707376    | Event python is deleted by 526995113
2021-11-21 12:14:48.278430    | Event python 2 is deleted by 526995113
2021-11-21 12:41:30.104562    | User 526995113 started bot
2021-11-21 12:41:34.068753    | Launch admin panel of bot by admin 526995113
2021-11-21 14:12:00.614667    | 526995113 requested events list
2021-11-21 17:16:30.334675    | 526995113 requested events list
2021-11-21 17:17:15.443805    | Event fuck is created by 526995113
2021-11-21 17:17:19.706541    | 526995113 requested events list
2021-11-21 17:23:04.859474    | 526995113 requested events list
2021-11-21 17:23:48.026870    | Date event fuck is changed by 526995113
2021-11-21 17:23:53.405167    | 526995113 requested events list
2021-11-21 18:42:55.615248    | 526545459 requested events list
2021-11-21 18:42:55.661793    | 526545459 requested events list
2021-11-21 18:43:19.586766    | 526995113 requested events list
2021-11-21 18:43:43.495284    | Name event fuck is changed by 526545459
2021-11-21 18:43:46.012820    | 526545459 requested events list
2021-11-21 18:51:34.854774    | 526545459 requested events list
2021-11-21 18:51:55.846271    | Date event token sale is changed by 526545459
2021-11-21 18:52:01.919154    | 526545459 requested events list
2021-11-21 19:11:39.706513    | Event new event is created by 526545459
2021-11-21 19:11:47.133895    | 526995113 requested events list
2021-11-21 19:11:47.639486    | 526545459 requested events list
2021-11-21 19:12:02.624437    | 526995113 requested events list
2021-11-21 19:12:40.142235    | 526995113 requested events list
2021-11-21 19:12:53.752450    | 526545459 requested events list
2021-11-21 19:13:01.533651    | Event fuck is deleted by 526995113
2021-11-21 19:13:05.947293    | 526995113 requested events list
2021-11-21 19:26:01.021885    | 526545459 requested events list
2021-11-21 19:41:32.419651    | 526995113 requested events list
2021-11-21 19:43:18.140834    | 526995113 requested events list
2021-11-21 19:43:32.421388    | 526545459 requested events list
2021-11-21 19:43:49.261621    | 526995113 requested events list
2021-11-21 19:43:58.864187    | 526995113 requested events list
2021-11-21 19:44:44.832065    | 526995113 requested events list
2021-11-21 19:44:53.660577    | 526995113 requested events list
2021-11-21 19:51:19.848935    | Event haha
ahah is created by 526995113
2021-11-21 19:51:53.481847    | Name event haha
ahah is changed by 526995113
2021-11-21 19:52:09.886910    | 526995113 requested events list
2021-11-21 19:52:15.503057    | Event hahah
ahahha is deleted by 526995113
2021-11-21 19:52:24.308898    | 526545459 requested events list
2021-11-21 19:53:22.964157    | Description event mint nft is changed by 526545459
2021-11-21 19:53:47.418128    | 526995113 requested events list
2021-11-21 19:55:46.636836    | Description event mint nft is changed by 526545459
2021-11-21 19:55:48.507179    | 526545459 requested events list
2021-11-21 19:56:36.154698    | 526995113 requested events list
2021-11-21 20:51:35.780157    | 526545459 requested events list
2021-11-21 20:52:40.353490    | Description event new event is changed by 526545459
2021-11-21 20:59:28.462611    | 526995113 requested events list
2021-11-21 21:08:46.992188    | User 1537791555 started bot
2021-11-21 21:08:52.239616    | 1537791555 requested events list
2021-11-21 21:09:06.861501    | 1537791555 requested events list
2021-11-21 21:11:23.799405    | User 518915497 started bot
2021-11-21 21:20:51.489773    | 526995113 requested events list
2021-11-21 21:21:01.417210    | 526545459 requested events list
2021-11-21 21:21:30.466768    | 526995113 requested events list
2021-11-21 21:21:35.263876    | 526545459 requested events list
2021-11-21 21:22:25.049604    | User 526995113 started bot
2021-11-21 21:22:39.257365    | Member 526995113 from the group -784282938 started bot
2021-11-21 21:22:58.092043    | Member 526995113 from the group -784282938 requested events list
2021-11-21 21:23:48.691732    | Member 526995113 from the group -784282938 requested events list
2021-11-21 21:24:27.746482    | Member 526995113 from the group -784282938 requested events list
2021-11-21 21:27:53.698874    | 526545459 requested events list
2021-11-21 21:31:40.783400    | Launch admin panel of bot by admin 526995113
2021-11-21 21:52:57.565056    | 1537791555 requested events list
2021-11-21 21:56:39.297149    | 526995113 requested events list
2021-11-21 22:02:06.365530    | 526995113 requested events list
2021-11-21 22:13:37.614309    | User 556716083 started bot
2021-11-21 22:13:49.532208    | Member 556716083 from the group -533554999 started bot
2021-11-21 22:13:57.592575    | Member 556716083 from the group -533554999 requested events list
2021-11-21 22:24:30.014575    | User 218227095 started bot
2021-11-21 22:24:39.420355    | 218227095 requested events list
2021-11-21 22:41:22.533218    | 526995113 requested events list
2021-11-21 22:45:02.313793    | 526995113 requested events list
2021-11-21 23:06:52.061460    | 526995113 requested events list
2021-11-21 23:07:19.082888    | 526995113 requested events list
2021-11-22 11:39:13.707641    | 526545459 requested events list
2021-11-22 11:39:13.744454    | User 526545459 started bot
2021-11-22 11:40:41.571177    | Member 526995113 from the group -784282938 requested events list
2021-11-22 13:44:41.017522    | 526545459 requested events list
2021-11-22 15:51:34.196192    | 526545459 requested events list
2021-11-22 16:15:53.989577    | 526995113 requested events list
2021-11-22 16:18:14.787784    | 526995113 requested events list
2021-11-22 16:19:41.223118    | 526995113 requested events list
2021-11-22 16:23:00.267519    | User 526995113 started bot
2021-11-22 16:23:43.811520    | 526545459 requested events list
2021-11-22 16:23:52.163150    | 526545459 requested events list
2021-11-22 16:24:03.401279    | User 526545459 started bot
2021-11-22 16:24:07.737302    | User 526545459 started bot
2021-11-22 16:24:20.582121    | 526995113 requested events list
2021-11-22 16:24:30.752765    | User 526995113 started bot
2021-11-22 16:24:44.918445    | User 526995113 started bot
2021-11-22 16:24:46.413681    | User 526545459 started bot
2021-11-22 16:24:52.172586    | User 526545459 started bot
2021-11-22 16:25:00.482937    | User 526545459 started bot
2021-11-22 16:25:04.379831    | 526545459 requested events list
2021-11-22 16:25:06.200421    | 526545459 requested events list
2021-11-22 16:28:02.415667    | Member 526995113 from the group -1001171564130 started bot
2021-11-22 16:29:06.236318    | Member 526995113 from the group -1001171564130 started bot
2021-11-22 16:30:22.351240    | Member 526995113 from the group -1001171564130 started bot
2021-11-22 16:31:36.337161    | Member 526995113 from the group -1001171564130 started bot
2021-11-22 16:32:04.127686    | Member 526995113 from the group -1001171564130 started bot
2021-11-22 16:38:20.719861    | User 526995113 started bot
2021-11-22 16:38:24.257634    | 526995113 requested events list
2021-11-22 16:55:54.920464    | User 526995113 started bot
2021-11-22 16:56:43.041732    | User 526995113 started bot
2021-11-22 16:56:48.002498    | User 526995113 started bot
2021-11-22 16:58:19.252930    | Member 526995113 from the group -1001171564130 started bot
2021-11-22 16:58:22.903793    | Member 526995113 from the group -1001171564130 started bot
2021-11-22 16:59:23.117901    | Member 526995113 from the group -1001171564130 started bot
2021-11-22 16:59:26.909227    | Member 526995113 from the group -1001171564130 started bot
2021-11-22 16:59:34.364922    | Member 526995113 from the group -1001171564130 started bot
2021-11-22 16:59:38.931486    | Member 526995113 from the group -1001171564130 started bot
2021-11-22 16:59:44.858157    | Member 526995113 from the group -1001171564130 started bot
2021-11-22 16:59:52.321553    | Member 526545459 from the group -1001171564130 started bot
2021-11-22 16:59:55.970124    | Member 526545459 from the group -1001171564130 started bot
2021-11-22 17:00:02.384560    | Member 526545459 from the group -1001171564130 started bot
2021-11-22 17:00:15.352802    | Member 526995113 from the group -1001171564130 started bot
2021-11-22 17:00:37.946521    | Member 526995113 from the group -1001171564130 started bot
2021-11-22 17:01:33.894707    | User 526995113 started bot
2021-11-22 17:01:40.532541    | User 526995113 started bot
2021-11-22 17:01:44.809734    | User 526995113 started bot
2021-11-22 17:01:56.066447    | Member 526995113 from the group -1001171564130 started bot
2021-11-22 17:02:51.214040    | 526545459 requested events list
2021-11-22 17:02:59.417313    | User 526545459 started bot
2021-11-22 17:03:05.098538    | User 526545459 started bot
2021-11-22 17:32:05.386956    | User 526995113 started bot
2021-11-22 17:32:16.413628    | Member 526995113 from the group -1001171564130 started bot
2021-11-22 17:32:51.886790    | Member 526995113 from the group -1001171564130 started bot
2021-11-22 17:32:53.684346    | Member 526995113 from the group -1001171564130 started bot
2021-11-22 17:33:57.634179    | Member 526995113 from the group -1001171564130 started bot
2021-11-22 17:34:00.855099    | Member 526995113 from the group -1001171564130 started bot
2021-11-22 17:34:12.568352    | Member 526995113 from the group -1001171564130 started bot
2021-11-22 17:34:20.892625    | Member 526995113 from the group -1001171564130 started bot
2021-11-22 17:34:39.304769    | Member 526545459 from the group -1001171564130 started bot
2021-11-22 17:36:27.477398    | Member 526545459 from the group -1001171564130 started bot
2021-11-22 17:37:05.986564    | Member 526995113 from the group -1001171564130 started bot
2021-11-22 17:37:17.014661    | Member 526995113 from the group -1001171564130 started bot
2021-11-22 17:37:33.707374    | Member 526995113 from the group -1001171564130 started bot
2021-11-22 17:46:20.654164    | Member 526995113 from the group -1001171564130 started bot
2021-11-22 17:46:24.612527    | Member 526995113 from the group -1001171564130 started bot
2021-11-22 17:46:28.786859    | Member 526995113 from the group -1001171564130 started bot
2021-11-22 17:46:36.879985    | Member 526545459 from the group -1001171564130 started bot
2021-11-22 17:52:21.437525    | 526545459 requested events list
2021-11-22 17:52:23.381996    | 526545459 requested events list
2021-11-22 17:53:32.542888    | User 526995113 started bot
2021-11-22 17:53:35.654127    | 526995113 requested events list
2021-11-22 17:53:38.600437    | 526995113 requested events list
2021-11-22 17:56:02.223229    | Member 526545459 from the group -1001171564130 started bot
2021-11-22 17:56:05.141251    | Member 526545459 from the group -1001171564130 started bot
2021-11-22 17:57:26.472819    | Launch admin panel of bot by admin 526545459
2021-11-22 17:58:19.170736    | Launch admin panel of bot by admin 526995113
2021-11-22 17:59:04.262056    | Event sample event is created by 526545459
2021-11-22 17:59:08.557249    | 526545459 requested events list
2021-11-22 18:01:00.093073    | 526995113 requested events list
2021-11-22 18:16:48.999644    | 526995113 requested events list
2021-11-22 18:18:24.969406    | 526545459 requested events list
2021-11-22 18:19:14.681511    | Event sample event 2 is created by 526545459
2021-11-22 18:19:16.666427    | 526545459 requested events list
2021-11-22 18:19:30.616447    | 526995113 requested events list
2021-11-22 18:20:00.386187    | Date event sample event 2 is changed by 526545459
2021-11-22 18:20:05.384510    | 526545459 requested events list
2021-11-22 18:20:12.484720    | 526995113 requested events list
2021-11-22 18:20:16.267508    | Date event sample event 2 is changed by 526545459
2021-11-22 18:20:18.957713    | 526545459 requested events list
2021-11-22 18:20:29.444074    | 526995113 requested events list
2021-11-22 18:23:13.539701    | Event sample 3 is created by 526545459
2021-11-22 18:23:15.975447    | 526545459 requested events list
2021-11-22 18:23:24.992066    | 526995113 requested events list
2021-11-22 19:06:58.918037    | 526995113 requested events list
2021-11-22 19:09:23.741763    | 526545459 requested events list
2021-11-22 19:09:42.382071    | 526545459 requested events list
2021-11-22 19:10:22.211249    | Event token sale 2 is created by 526545459
2021-11-22 19:10:50.610407    | Event token sale 3 is created by 526545459
2021-11-22 19:10:52.112048    | 526545459 requested events list
2021-11-22 19:10:56.980087    | 526995113 requested events list
2021-11-22 19:11:24.408192    | Event token sale 4 is created by 526545459
2021-11-22 19:11:26.540468    | 526545459 requested events list
2021-11-22 19:11:30.058828    | 526995113 requested events list
2021-11-22 19:12:13.298043    | Event nft mint is created by 526545459
2021-11-22 19:12:15.352185    | 526545459 requested events list
2021-11-22 19:12:19.008997    | 526995113 requested events list
2021-11-22 19:12:44.049587    | Event nft mint 2 is created by 526545459
2021-11-22 19:12:46.107539    | 526545459 requested events list
2021-11-22 19:12:50.943669    | 526995113 requested events list
2021-11-22 19:13:34.917174    | Date event nft mint 2 is changed by 526545459
2021-11-22 19:13:37.589314    | 526545459 requested events list
2021-11-22 19:13:41.602249    | 526995113 requested events list
2021-11-22 19:13:58.984272    | Date event nft mint 2 is changed by 526545459
2021-11-22 19:14:01.430926    | 526545459 requested events list
2021-11-22 19:14:08.860258    | 526995113 requested events list
2021-11-22 19:15:02.475337    | 526545459 requested events list
2021-11-22 19:15:05.655390    | 526995113 requested events list
2021-11-22 19:15:31.949061    | Date event nft mint is changed by 526545459
2021-11-22 19:15:33.993602    | 526545459 requested events list
2021-11-22 19:16:10.385640    | 526995113 requested events list
2021-11-22 19:21:00.314199    | 526995113 requested events list
2021-11-22 19:26:55.076728    | 526995113 requested events list
2021-11-22 19:59:22.749294    | 526545459 requested events list
2021-11-22 20:51:46.837988    | Member 526545459 from the group -1001171564130 started bot
2021-11-22 21:07:01.026386    | User 526545459 started bot
2021-11-22 21:07:04.272417    | Launch admin panel of bot by admin 526545459
2021-11-23 20:47:54.938770    | 526545459 requested events list
2021-11-23 21:25:01.312181    | User 526995113 started bot
2021-11-23 21:25:06.134410    | 526995113 requested moderator panel
2021-11-23 21:25:32.383208    | Launch moder panel of bot by moder 526995113
2021-11-23 21:26:00.060889    | Event nft mint 2 is deleted by 526995113
2021-11-23 21:32:55.100029    | Launch moder panel of bot by moder 526995113
2021-11-23 21:33:23.557073    | Launch moder panel of bot by moder 526995113
2021-11-23 21:42:21.323074    | Launch moder panel of bot by moder 526995113
2021-11-23 21:42:29.413973    | Launch admin panel of bot by admin 526995113
2021-11-23 21:43:59.328776    | The moder 526995113 is removed by 526995113
2021-11-23 21:48:30.505946    | The moder 526995113 is removed by 526995113
2021-11-23 21:48:38.769534    | The moder 52699511 is removed by 526995113
2021-11-23 21:49:05.384830    | New moder 1636717205 is added by 526995113
2021-11-23 21:49:13.059785    | The moder 1636717205 is removed by 526995113
2021-11-23 21:52:08.623617    | New admin 1636717206 is added by 526995113
2021-11-23 21:52:16.449970    | The admin 16367172051636717206 is removed by 526995113
2021-11-23 21:52:25.930398    | New admin 1636717205 is added by 526995113
2021-11-23 21:52:31.088376    | User 526545459 started bot
2021-11-23 21:52:38.219512    | Launch moder panel of bot by moder 526545459
2021-11-23 21:53:09.772303    | Event bfnnf is created by 526545459
2021-11-23 21:54:39.099544    | Description event bfnnf is changed by 526545459
2021-11-23 21:55:55.650204    | Event bfnnf is deleted by 526545459
2021-11-23 21:55:59.715230    | 526545459 requested events list
2021-11-23 21:56:36.183555    | Date event token sale 4 is changed by 526545459
2021-11-23 21:57:05.829027    | User 526545459 started bot
2021-11-23 22:00:22.034033    | User 526545459 started bot
2021-11-23 22:00:33.817265    | 526545459 requested events list
2021-11-23 22:00:45.178609    | 526545459 requested admin panel
2021-11-23 22:00:50.531339    | Launch moder panel of bot by moder 526545459
2021-11-23 22:02:37.406815    | User 526995113 started bot
2021-11-23 22:02:39.946107    | 526995113 requested moderator panel
2021-11-23 22:02:51.082514    | Launch admin panel of bot by admin 526995113
2021-11-23 22:03:50.183525    | Launch admin panel of bot by admin 526545459
2021-11-23 22:04:42.193579    | New moder 1636717205 is added by 526545459
2021-11-23 22:04:49.622684    | User 526545459 started bot
2021-11-23 22:04:53.786318    | Launch moder panel of bot by moder 526545459
2021-11-23 22:05:34.369516    | The moder 1636717205 is removed by 526545459
2021-11-23 22:11:06.274986    | New moder 508039404 is added by 526545459
2021-11-24 01:29:27.221836    | 526545459 requested events list
2021-11-24 01:29:42.570187    | New moder 1614473927 is added by 526545459
2021-11-24 20:34:27.645333    | New admin 457340397 is added by 526995113
2021-11-24 20:36:10.771387    | User 457340397 started bot
2021-11-24 20:36:28.653214    | User 526995113 started bot
2021-11-24 20:50:47.966412    | Launch admin panel of bot by admin 457340397
2021-11-24 20:51:04.806530    | Launch admin panel of bot by admin 526995113
2021-11-24 22:42:42.365180    | Event {"message_id": 4016, "from": {"id": 526995113, "is_bot": false, "first_name": "Alex", "username": "febux", "language_code": "ru"}, "chat": {"id": 526995113, "first_name": "Alex", "username": "febux", "type": "private"}, "date": 1637782944, "text": "name"} is created by 526995113
2021-11-25 16:33:44.975469    | Event name is created by 526995113
2021-11-25 16:40:55.136066    | Event name is created by 526995113
2021-11-25 17:51:24.292778    | Event name is created by 526995113
2021-11-25 18:00:27.833909    | Event name is created by 526995113
2021-11-25 18:09:27.748161    | Event name is deleted by 526995113
2021-11-25 18:10:01.420772    | Event name is created by 526995113
2021-11-25 22:18:31.423762    | Event name 2 is created by 526995113
2021-11-25 22:28:45.899674    | Event name 3 is created by 526995113
2021-11-25 22:40:15.949833    | Name event name is changed by 526995113
2021-11-25 22:43:30.953973    | 526995113 requested events list
2021-11-25 22:57:07.149833    | Launch admin panel of bot by admin 526545459
2021-11-26 00:01:53.075547    | Event sample link is created by 526545459
2021-11-26 00:04:16.223199    | Event sample couple is created by 526545459
2021-11-26 00:07:18.425705    | 526995113 requested events list
2021-11-26 00:07:42.911912    | 526545459 requested events list
2021-11-26 13:22:42.896207    | User 508039404 started bot
2021-11-26 13:22:43.250849    | Launch moder panel of bot by moder 508039404
2021-11-26 13:22:43.293994    | Launch moder panel of bot by moder 508039404
2021-11-26 13:22:43.310920    | Launch moder panel of bot by moder 508039404
2021-11-26 13:22:43.370340    | User 508039404 started bot
2021-11-26 13:22:43.399665    | Launch moder panel of bot by moder 508039404
2021-11-26 13:23:55.091926    | 526995113 requested events list
2021-11-26 14:40:03.413588    | 526995113 requested events list
2021-11-26 14:47:38.461283    | 526995113 requested events list
2021-11-26 14:48:07.122993    | Launch moder panel of bot by moder 508039404
2021-11-26 14:48:21.262799    | 526995113 requested events list
2021-11-26 14:48:37.904880    | 508039404 requested events list
2021-11-26 14:50:21.372729    | 508039404 requested events list
2021-11-26 14:50:21.806352    | 508039404 requested events list
2021-11-26 14:50:34.458539    | 526995113 requested events list
2021-11-26 15:28:07.176953    | 508039404 requested events list
2021-11-26 15:28:07.216842    | Launch moder panel of bot by moder 508039404
2021-11-26 15:28:07.316367    | 508039404 requested events list
2021-11-26 15:28:07.380477    | Launch moder panel of bot by moder 508039404
2021-11-26 15:28:36.194541    | 526995113 requested events list
2021-11-26 15:31:27.780955    | 526995113 requested events list
2021-11-26 15:35:40.289877    | 526995113 requested events list
2021-11-26 15:36:34.582688    | 526995113 requested events list
2021-11-26 15:36:57.201676    | 526995113 requested events list
2021-11-26 15:38:14.625376    | 526995113 requested events list
2021-11-26 15:41:06.129745    | 526995113 requested events list
2021-11-26 15:42:11.189981    | 526995113 requested events list
2021-11-26 15:51:12.060195    | 526995113 requested events list
2021-11-26 15:58:31.518845    | 526995113 requested events list
2021-11-26 16:03:50.431290    | 526995113 requested events list
2021-11-26 16:06:13.864851    | 526995113 requested events list
2021-11-26 16:11:13.064165    | Event name 44 is created by 526995113
2021-11-26 16:11:23.961879    | 526995113 requested events list
2021-11-26 16:22:38.662416    | 526995113 requested events list
2021-11-26 16:42:12.888934    | 526995113 requested events list
2021-11-26 16:51:10.248735    | 526995113 requested events list
2021-11-26 16:52:59.083604    | 526995113 requested events list
2021-11-26 17:09:16.795376    | Event name is created by 526995113
2021-11-26 17:09:54.004546    | 526995113 requested events list
2021-11-26 17:14:48.015181    | Event name is deleted by 526995113
2021-11-26 17:14:50.871762    | Event name 44 is deleted by 526995113
2021-11-26 17:15:31.874492    | Event name is created by 526995113
2021-11-26 17:16:00.309982    | 526995113 requested events list
2021-11-26 17:17:23.575718    | Event name 2 is created by 526995113
2021-11-26 17:17:31.258448    | 526995113 requested events list
2021-11-26 17:29:17.226413    | 526995113 requested events list
2021-11-26 17:31:04.354246    | 526995113 requested events list
2021-11-26 17:32:36.359189    | 526995113 requested events list
2021-11-26 17:35:32.713326    | 526995113 requested events list
2021-11-26 17:36:16.294520    | Event name 22 is created by 526995113
2021-11-26 17:36:20.792517    | 526995113 requested events list
2021-11-26 17:37:53.862205    | 526995113 requested events list
2021-11-26 17:38:49.812675    | Event sample couple is deleted by 526995113
2021-11-26 17:38:54.703725    | 526995113 requested events list
2021-11-26 17:39:43.592059    | Event sample is created by 526995113
2021-11-26 17:39:54.436278    | 526995113 requested events list
2021-11-26 17:47:42.360473    | 526995113 requested events list
2021-11-26 17:54:18.116730    | 526995113 requested events list
2021-11-26 17:55:06.805957    | Event name 2 is deleted by 526995113
2021-11-26 17:55:09.046515    | Event name 3 is deleted by 526995113
2021-11-26 17:55:11.024342    | Event sample link is deleted by 526995113
2021-11-26 17:55:13.075090    | Event name is deleted by 526995113
2021-11-26 17:55:15.147614    | Event name 22 is deleted by 526995113
2021-11-26 17:55:17.205750    | Event sample is deleted by 526995113
2021-11-26 17:55:28.239086    | 526995113 requested events list
2021-11-26 17:56:19.403378    | Event name is created by 526995113
2021-11-26 17:56:28.178623    | 526995113 requested events list
2021-11-26 17:57:18.572504    | Event name 2 is created by 526995113
2021-11-26 17:57:23.812477    | 526995113 requested events list
2021-11-26 17:58:30.064264    | Event name 3 is created by 526995113
2021-11-26 17:58:38.507425    | 526995113 requested events list
2021-11-26 17:59:36.341631    | Event name 4 is created by 526995113
2021-11-26 17:59:56.390787    | 526995113 requested events list
2021-11-26 18:00:31.402516    | Description event name 4 is changed by 526995113
2021-11-26 18:00:35.458366    | 526995113 requested events list
2021-11-26 18:01:02.257739    | Event name 3 is deleted by 526995113
2021-11-26 18:01:09.860380    | 526995113 requested events list
2021-11-26 18:13:41.391148    | 526995113 requested events list
2021-11-26 18:15:49.314407    | 526995113 requested events list
2021-11-26 18:17:58.083123    | Event name 3 is created by 526995113
2021-11-26 18:18:05.129821    | 526995113 requested events list
2021-11-26 18:18:47.757069    | Event sample is created by 526995113
2021-11-26 18:18:52.045873    | 526995113 requested events list
2021-11-26 18:20:17.568563    | Event name 5 is created by 526995113
2021-11-26 18:20:22.832741    | 526995113 requested events list
2021-11-26 18:23:21.991956    | Event 123123 is created by 526995113
2021-11-26 18:23:28.571245    | 526995113 requested events list
2021-11-26 18:24:09.277361    | Date event name 5 is changed by 526995113
2021-11-26 18:24:13.048108    | 526995113 requested events list
2021-11-26 18:24:50.595709    | Date event name 5 is changed by 526995113
2021-11-26 18:24:54.870003    | 526995113 requested events list
2021-11-26 18:26:02.578915    | 526995113 requested events list
2021-11-26 18:27:45.196704    | 526995113 requested events list
2021-11-26 18:27:55.754874    | 526995113 requested events list
2021-11-26 18:33:25.015351    | 526995113 requested events list
2021-11-26 18:35:34.017125    | 526995113 requested events list
2021-11-26 18:36:33.011715    | 526995113 requested events list
2021-11-26 18:38:37.677445    | 526995113 requested events list
2021-11-26 18:44:50.003454    | 526995113 requested events list
2021-11-26 18:45:10.929537    | 526995113 requested events list
2021-11-26 18:46:37.782021    | 526995113 requested events list
2021-11-26 18:47:24.902728    | 526995113 requested events list
2021-11-26 18:48:57.377297    | 526995113 requested events list
2021-11-26 18:49:27.249671    | 526995113 requested events list
2021-11-26 18:50:31.839879    | 526995113 requested events list
2021-11-26 18:51:10.306908    | 526995113 requested events list
2021-11-26 18:52:37.167032    | Event name is created by 526995113
2021-11-26 18:52:44.499733    | 526995113 requested events list
2021-11-26 18:53:22.181464    | 526995113 requested events list
2021-11-26 18:54:29.828659    | Event name 2 is created by 526995113
2021-11-26 18:54:39.330632    | 526995113 requested events list
2021-11-26 18:56:33.148768    | Event name 3 is created by 526995113
2021-11-26 18:56:42.277865    | 526995113 requested events list
2021-11-26 19:00:26.332574    | Event name is deleted by 526995113
2021-11-26 19:00:28.410408    | Event name 2 is deleted by 526995113
2021-11-26 19:00:30.523530    | Event name 3 is deleted by 526995113
2021-11-26 19:00:34.341097    | 526995113 requested events list
2021-11-26 19:01:09.666291    | Event name is created by 526995113
2021-11-26 19:01:12.884044    | 526995113 requested events list
2021-11-26 19:03:11.924582    | 526995113 requested events list
2021-11-26 19:04:26.086663    | Event name 2 is created by 526995113
2021-11-26 19:04:34.205600    | 526995113 requested events list
2021-11-26 19:06:43.611031    | Event name 3 is created by 526995113
2021-11-26 19:06:50.566796    | 526995113 requested events list
2021-11-26 19:07:58.535504    | Event name 4 is created by 526995113
2021-11-26 19:08:07.440858    | 526995113 requested events list
2021-11-26 19:09:04.398577    | 526995113 requested events list
2021-11-26 19:10:22.978792    | 526995113 requested events list
2021-11-26 19:11:47.693644    | 526995113 requested events list
2021-11-26 19:13:16.786186    | 526995113 requested events list
2021-11-26 19:14:24.066252    | 526995113 requested events list
2021-11-26 19:15:29.066358    | Date event name 4 is changed by 526995113
2021-11-26 19:15:37.796858    | 526995113 requested events list
2021-11-26 19:16:12.730056    | 526995113 requested events list
2021-11-26 19:17:58.028735    | 526995113 requested events list
2021-11-26 19:20:38.404505    | 526995113 requested events list
2021-11-26 19:22:09.412444    | 526995113 requested events list
2021-11-26 19:23:07.167724    | Event name 5 is created by 526995113
2021-11-26 19:23:11.861062    | 526995113 requested events list
2021-11-26 19:24:07.346539    | Event name 6 is created by 526995113
2021-11-26 19:24:11.833838    | 526995113 requested events list
2021-11-26 19:25:52.841911    | Event name 7 is created by 526995113
2021-11-26 19:25:56.510878    | 526995113 requested events list
2021-11-26 19:27:23.538785    | 526995113 requested events list
2021-11-26 19:29:18.308411    | 526995113 requested events list
2021-11-26 19:30:20.402435    | 526995113 requested events list
2021-11-26 19:30:50.410906    | Event name 8 is created by 526995113
2021-11-26 19:30:54.533003    | 526995113 requested events list
2021-11-26 19:32:11.032198    | Event name 9 is created by 526995113
2021-11-26 19:32:15.348461    | 526995113 requested events list
2021-11-26 19:36:17.933295    | 526995113 requested events list
2021-11-26 19:36:49.036759    | 526995113 requested events list
2021-11-26 19:37:49.471765    | 526995113 requested events list
2021-11-26 19:38:54.276172    | 526995113 requested events list
2021-11-26 19:40:19.959260    | 526995113 requested events list
2021-11-26 19:40:22.207183    | 526995113 requested events list
2021-11-26 19:45:59.111047    | 526995113 requested events list
2021-11-26 19:46:41.020805    | 526995113 requested events list
2021-11-26 19:47:56.111651    | Event name 10 is created by 526995113
2021-11-26 19:47:59.810494    | 526995113 requested events list
2021-11-26 19:58:19.604517    | 526995113 requested events list
2021-11-26 19:58:43.222227    | 526995113 requested events list
2021-11-26 19:59:19.408921    | 526995113 requested events list
2021-11-26 20:05:51.578152    | Event name 10 is deleted by 526995113
2021-11-26 20:06:37.908225    | Event name is deleted by 526995113
2021-11-26 20:06:40.055434    | Event name 2 is deleted by 526995113
2021-11-26 20:06:42.112015    | Event name 3 is deleted by 526995113
2021-11-26 20:06:43.991992    | Event name 4 is deleted by 526995113
2021-11-26 20:06:46.025169    | Event name 5 is deleted by 526995113
2021-11-26 20:06:47.813638    | Event name 6 is deleted by 526995113
2021-11-26 20:06:49.586107    | Event name 7 is deleted by 526995113
2021-11-26 20:06:51.579811    | Event name 8 is deleted by 526995113
2021-11-26 20:06:53.503821    | Event name 9 is deleted by 526995113
2021-11-26 20:06:58.472950    | 526995113 requested events list
2021-11-26 20:07:25.723327    | Event name is created by 526995113
2021-11-26 20:07:29.251127    | 526995113 requested events list
2021-11-26 20:08:19.044655    | Event name 2 is created by 526995113
2021-11-26 20:08:23.241463    | 526995113 requested events list
2021-11-26 20:09:38.169210    | 526995113 requested events list
2021-11-26 20:10:20.392220    | 526995113 requested events list
2021-11-26 20:10:46.775200    | 526995113 requested events list
2021-11-26 20:11:06.283943    | 526995113 requested events list
2021-11-26 20:12:03.233682    | 526995113 requested events list
2021-11-26 20:12:52.094478    | 526995113 requested events list
2021-11-26 20:20:24.047369    | 526995113 requested events list
2021-11-26 20:23:11.287754    | 526995113 requested events list
2021-11-26 20:24:09.548630    | Event name 3 is created by 526995113
2021-11-26 20:24:15.289215    | 526995113 requested events list
2021-11-26 20:25:26.549013    | Event name 4 is created by 526995113
2021-11-26 20:25:49.449728    | 526995113 requested events list
2021-11-26 20:30:13.038860    | 526995113 requested events list
2021-11-26 20:32:47.748334    | 526995113 requested events list
2021-11-26 20:33:40.974266    | 526995113 requested events list
2021-11-26 20:34:40.558772    | Event name 5 is created by 526995113
2021-11-26 20:34:47.786736    | 526995113 requested events list
2021-11-26 20:36:44.879788    | 526995113 requested events list
2021-11-26 20:37:43.276915    | 526995113 requested events list
2021-11-26 20:38:31.011843    | Event name 6 is created by 526995113
2021-11-26 20:38:55.103171    | Event name 7 is created by 526995113
2021-11-26 20:39:01.471560    | 526995113 requested events list
2021-11-26 20:39:52.557600    | Event name 8 is created by 526995113
2021-11-26 20:39:56.158409    | 526995113 requested events list
2021-11-26 21:04:55.679549    | User 526545459 started bot
2021-11-26 21:05:36.135701    | Event name is deleted by 526995113
2021-11-26 21:05:38.301813    | Event name 2 is deleted by 526995113
2021-11-26 21:05:40.251877    | Event name 3 is deleted by 526995113
2021-11-26 21:05:42.184927    | Event name 4 is deleted by 526995113
2021-11-26 21:05:44.112930    | Event name 5 is deleted by 526995113
2021-11-26 21:05:45.825664    | Event name 6 is deleted by 526995113
2021-11-26 21:05:47.885895    | Event name 7 is deleted by 526995113
2021-11-26 21:05:49.797036    | Event name 8 is deleted by 526995113
2021-11-26 21:06:27.058024    | 526545459 requested events list
2021-11-26 21:06:35.220209    | Launch admin panel of bot by admin 526545459
2021-11-26 21:12:35.332756    | Event nft sale 1 link is created by 526545459
2021-11-26 21:12:38.259824    | 526545459 requested events list
2021-11-26 21:12:59.819176    | 526995113 requested events list
2021-11-26 21:14:24.685865    | Event token sale is created by 526545459
2021-11-26 21:15:04.850182    | Event token sale 2 is created by 526545459
2021-11-26 21:15:17.648361    | 526545459 requested events list
2021-11-26 21:16:44.186622    | 526995113 requested events list
2021-11-26 21:16:50.375840    | Event mint nft 2 is created by 526545459
2021-11-26 21:17:59.161222    | Event mint nft 3 is created by 526545459
2021-11-26 21:19:44.257559    | Event mint nft 3 is deleted by 526545459
2021-11-26 21:20:19.616745    | Event mint nft 2 is deleted by 526545459
2021-11-26 21:20:22.166531    | 526545459 requested events list
2021-11-26 21:20:24.583406    | 526995113 requested events list
2021-11-26 21:21:03.205524    | 526995113 requested events list
2021-11-26 21:21:19.030515    | Event mint nft is created by 526545459
2021-11-26 21:21:25.111473    | 526545459 requested events list
2021-11-26 21:21:39.815077    | 526995113 requested events list
2021-11-26 21:21:48.352136    | Date event mint nft is changed by 526545459
2021-11-26 21:21:50.265546    | 526545459 requested events list
2021-11-26 21:22:08.888393    | Description event mint nft is changed by 526545459
2021-11-26 21:22:12.393666    | 526545459 requested events list
2021-11-26 21:22:19.380982    | 526995113 requested events list
2021-11-26 21:22:34.942449    | Date event mint nft is changed by 526545459
2021-11-26 21:24:02.859249    | Date event mint nft is changed by 526545459
2021-11-26 21:24:04.955608    | 526545459 requested events list
2021-11-26 21:24:11.661908    | 526995113 requested events list
2021-11-26 21:25:06.434775    | 526995113 requested events list
2021-11-26 21:25:29.897532    | Event name is created by 526995113
2021-11-26 21:25:35.762353    | 526995113 requested events list
2021-11-26 21:25:41.445965    | 526545459 requested events list
2021-11-26 21:26:43.364419    | Date event mint nft is changed by 526545459
2021-11-26 21:26:45.537032    | 526545459 requested events list
2021-11-26 21:26:48.719035    | 526995113 requested events list
2021-11-26 21:27:17.036591    | Date event mint nft is changed by 526545459
2021-11-26 21:29:35.628886    | Event sample name is created by 526545459
2021-11-26 21:31:04.853568    | Date event mint nft is changed by 526545459
2021-11-26 21:31:07.355301    | 526545459 requested events list
2021-11-26 21:31:12.531805    | 526995113 requested events list
2021-11-26 21:33:32.798697    | 526995113 requested events list
2021-11-26 21:36:01.477941    | 526995113 requested events list
2021-11-26 21:36:13.524344    | 526545459 requested events list
2021-11-26 21:38:17.140526    | 526995113 requested events list
2021-11-26 21:39:48.476895    | Event nft mint sample is created by 526545459
2021-11-26 21:39:51.185040    | 526545459 requested events list
2021-11-26 21:39:57.944582    | 526995113 requested events list
2021-11-26 21:41:35.893366    | Event sample event is created by 526545459
2021-11-26 21:41:38.128764    | 526545459 requested events list
2021-11-26 21:41:48.869333    | 526995113 requested events list
2021-11-26 21:42:22.376702    | Event future sample is created by 526545459
2021-11-26 21:42:24.049885    | 526545459 requested events list
2021-11-26 21:42:38.645031    | 526995113 requested events list
2021-11-26 21:43:28.659581    | Event future sample 2 is created by 526545459
2021-11-26 21:43:30.593134    | 526545459 requested events list
2021-11-26 21:43:56.056254    | 526995113 requested events list
2021-11-26 21:48:12.112665    | 526995113 requested events list
2021-11-26 21:48:33.253931    | 526545459 requested events list
2021-11-26 21:49:41.506926    | Date event sample event is changed by 526545459
2021-11-26 21:50:46.497043    | 526545459 requested events list
2021-11-26 21:50:48.228310    | 526995113 requested events list
2021-11-26 21:51:59.027248    | Event sample 3 is created by 526545459
2021-11-26 21:52:13.738649    | Event sample 4 is created by 526545459
2021-11-26 21:52:26.632818    | Event sample 5 is created by 526545459
2021-11-26 21:52:31.019652    | 526545459 requested events list
2021-11-26 21:53:22.592319    | Event sample 6 is created by 526545459
2021-11-26 21:53:24.367144    | 526545459 requested events list
2021-11-26 21:54:58.008161    | Event sample 7 is created by 526545459
2021-11-26 21:55:00.018541    | 526545459 requested events list
2021-11-26 21:55:04.221404    | 526545459 requested events list
2021-11-26 21:55:10.823146    | 526995113 requested events list
2021-11-26 21:55:29.576547    | 526545459 requested events list
2021-11-26 21:56:09.101288    | Event sample 8 is created by 526545459
2021-11-26 21:56:11.440139    | 526545459 requested events list
2021-11-26 21:56:55.564450    | Event sample 9 is created by 526545459
2021-11-26 21:56:59.086927    | 526545459 requested events list
2021-11-26 21:57:24.429697    | 526995113 requested events list
2021-11-26 21:59:03.954717    | 526545459 requested events list
2021-11-26 22:00:51.760195    | 526995113 requested events list
2021-11-26 22:04:04.654348    | Event sample 9 is deleted by 526995113
2021-11-26 22:04:08.754405    | 526995113 requested events list
2021-11-26 22:08:32.666904    | 526545459 requested events list
2021-11-26 22:20:32.379150    | 526995113 requested events list
2021-11-26 22:20:55.166140    | Member 526995113 from the group -1001171564130 requested events list
2021-11-26 22:26:38.820452    | 526545459 requested events list
2021-11-26 22:27:39.172995    | Event sample 9 with something is created by 526545459
2021-11-26 22:27:41.833894    | 526545459 requested events list
2021-11-26 22:27:48.575149    | 526545459 requested events list
2021-11-26 22:28:27.107241    | Event sample 10 is created by 526545459
2021-11-26 22:28:28.572966    | 526545459 requested events list
2021-11-26 22:40:24.881701    | 508039404 requested events list
2021-11-26 22:40:36.610740    | Launch moder panel of bot by moder 508039404
2021-11-26 22:40:53.052803    | 508039404 requested events list
2021-11-26 22:41:26.502510    | Launch moder panel of bot by moder 508039404
2021-11-26 22:42:27.382022    | Launch moder panel of bot by moder 526545459
2021-11-26 22:43:56.289236    | Launch moder panel of bot by moder 508039404
2021-11-26 22:43:56.865908    | New admin 508039404 is added by 526545459
2021-11-26 22:45:42.235949    | User 508039404 started bot
2021-11-26 22:45:48.288875    | Launch moder panel of bot by moder 508039404
2021-11-26 22:46:59.597915    | Event NFT MINT is created by 508039404
2021-11-26 22:47:12.463005    | 508039404 requested events list
2021-11-26 22:48:34.785414    | Description event NFT MINT is changed by 508039404
2021-11-26 22:48:41.532332    | 508039404 requested events list
2021-11-26 22:50:18.420418    | Date event NFT MINT is changed by 508039404
2021-11-26 22:50:29.777492    | 508039404 requested events list
2021-11-26 22:51:09.984404    | Event NFT MINT is deleted by 508039404
2021-11-26 22:51:15.969294    | 508039404 requested events list
2021-11-26 22:52:10.205789    | Event NFT MINT is created by 508039404
2021-11-26 22:52:16.944887    | 508039404 requested events list
2021-11-26 22:53:38.430914    | Description event NFT MINT is changed by 508039404
2021-11-26 22:53:46.683936    | 508039404 requested events list
2021-11-26 22:54:28.986333    | Name event NFT MINT is changed by 508039404
2021-11-26 22:54:52.894195    | Name event NFT MINT is changed by 508039404
2021-11-26 22:55:00.309011    | 508039404 requested events list
2021-11-26 22:55:03.812197    | 526545459 requested events list
2021-11-27 01:02:05.826010    | 526995113 requested events list
2021-11-27 01:02:52.843992    | The admin 508039404 is removed by 526545459
2021-11-27 01:03:43.726216    | The admin 526545459 is removed by 526995113
2021-11-27 01:03:59.131738    | Launch moder panel of bot by moder 526545459
2021-11-27 01:04:20.536356    | Event sample 10 is deleted by 526545459
2021-11-27 01:04:53.096391    | Name event sample 9 with something is changed by 526545459
2021-11-27 01:05:06.904347    | 526545459 requested events list
2021-11-27 01:05:46.015961    | Launch moder panel of bot by moder 526545459
2021-11-27 01:06:45.974900    | Launch moder panel of bot by moder 526545459
2021-11-27 01:07:17.393742    | Event Sample event 33 is created by 526545459
2021-11-27 01:07:24.981906    | 526545459 requested events list
2021-11-27 01:08:18.647820    | New admin 526545459 is added by 526995113
2021-11-27 01:12:27.607805    | The admin 526545459 is removed by 526545459
2021-11-27 01:13:16.140775    | New admin 526545459 is added by 526995113
2021-11-27 13:10:42.262764    | Event name delete is created by 526995113
2021-11-27 13:13:48.337773    | 526995113 requested events list
2021-11-27 13:51:25.952275    | 526995113 requested events list
2021-11-27 13:52:30.374778    | 526995113 requested events list
2021-11-27 14:08:44.990875    | 526995113 requested events list
2021-11-27 14:13:34.526403    | 526995113 requested events list
2021-11-27 14:15:10.889354    | 526995113 requested events list
2021-11-27 14:16:05.476670    | 526995113 requested events list
2021-11-27 14:17:29.092575    | 526545459 requested events list
2021-11-27 14:20:42.032536    | Launch admin panel of bot by admin 526545459
